#
# There is insufficient memory for the Java Runtime Environment to continue.
# Native memory allocation (malloc) failed to allocate 1048576 bytes for AllocateHeap
# Possible reasons:
#   The system is out of physical RAM or swap space
#   In 32 bit mode, the process size limit was hit
# Possible solutions:
#   Reduce memory load on the system
#   Increase physical memory or swap space
#   Check if swap backing store is full
#   Use 64 bit Java on a 64 bit OS
#   Decrease Java heap size (-Xmx/-Xms)
#   Decrease number of Java threads
#   Decrease Java thread stack sizes (-Xss)
#   Set larger code cache with -XX:ReservedCodeCacheSize=
# This output file may be truncated or incomplete.
#
#  Out of Memory Error (memory/allocation.inline.hpp:61), pid=3256, tid=0x0000000000000a7c
#
# JRE version:  (8.0_152-b01) (build )
# Java VM: OpenJDK 64-Bit Server VM (25.152-b01 mixed mode windows-amd64 compressed oops)
# Failed to write core dump. Minidumps are not enabled by default on client versions of Windows
#

---------------  T H R E A D  ---------------

Current thread (0x00000000021e8800):  JavaThread "Unknown thread" [_thread_in_vm, id=2684, stack(0x0000000002040000,0x0000000002140000)]

Stack: [0x0000000002040000,0x0000000002140000]
[error occurred during error reporting (printing stack bounds), id 0xc0000005]

Native frames: (J=compiled Java code, j=interpreted, Vv=VM code, C=native code)


---------------  P R O C E S S  ---------------

Java Threads: ( => current thread )

Other Threads:

=>0x00000000021e8800 (exited) JavaThread "Unknown thread" [_thread_in_vm, id=2684, stack(0x0000000002040000,0x0000000002140000)]

VM state:not at safepoint (normal execution)

VM Mutex/Monitor currently owned by a thread: None

Heap:
 PSYoungGen      total 18944K, used 327K [0x00000000feb00000, 0x0000000100000000, 0x0000000100000000)
  eden space 16384K, 2% used [0x00000000feb00000,0x00000000feb51ec8,0x00000000ffb00000)
  from space 2560K, 0% used [0x00000000ffd80000,0x00000000ffd80000,0x0000000100000000)
  to   space 2560K, 0% used [0x00000000ffb00000,0x00000000ffb00000,0x00000000ffd80000)
 ParOldGen       total 44032K, used 0K [0x00000000fc000000, 0x00000000feb00000, 0x00000000feb00000)
  object space 44032K, 0% used [0x00000000fc000000,0x00000000fc000000,0x00000000feb00000)
 Metaspace       used 772K, capacity 4480K, committed 4480K, reserved 1056768K
  class space    used 73K, capacity 384K, committed 384K, reserved 1048576K

Card table byte_map: [0x0000000002170000,0x00000000021a0000] byte_map_base: 0x0000000001990000

Marking Bits: (ParMarkBitMap*) 0x0000000066345aa0
 Begin Bits: [0x0000000011aa0000, 0x0000000011ba0000)
 End Bits:   [0x0000000011ba0000, 0x0000000011ca0000)

Polling page: 0x0000000002140000

CodeCache: size=245760Kb used=328Kb max_used=328Kb free=245431Kb
 bounds [0x00000000022e0000, 0x0000000002550000, 0x00000000112e0000]
 total_blobs=57 nmethods=0 adapters=38
 compilation: enabled

Compilation events (0 events):
No events

GC Heap History (0 events):
No events

Deoptimization events (0 events):
No events

Classes redefined (0 events):
No events

Internal exceptions (0 events):
No events

Events (10 events):
Event: 0.029 loading class java/lang/Short
Event: 0.029 loading class java/lang/Short done
Event: 0.029 loading class java/lang/Integer
Event: 0.029 loading class java/lang/Integer done
Event: 0.029 loading class java/lang/Long
Event: 0.030 loading class java/lang/Long done
Event: 0.030 loading class java/lang/NullPointerException
Event: 0.030 loading class java/lang/NullPointerException done
Event: 0.030 loading class java/lang/ArithmeticException
Event: 0.031 loading class java/lang/ArithmeticException done


Dynamic libraries:
0x00007ff7ba4d0000 - 0x00007ff7ba501000 	C:\Program Files\Android\Android Studio\jre\bin\java.exe
0x00007ffe1fa70000 - 0x00007ffe1fc31000 	C:\Windows\SYSTEM32\ntdll.dll
0x00007ffe1ee70000 - 0x00007ffe1ef1d000 	C:\Windows\system32\KERNEL32.DLL
0x00007ffe1cd30000 - 0x00007ffe1cf0d000 	C:\Windows\system32\KERNELBASE.dll
0x00007ffe1d520000 - 0x00007ffe1d5c6000 	C:\Windows\system32\ADVAPI32.dll
0x00007ffe1ed20000 - 0x00007ffe1edbd000 	C:\Windows\system32\msvcrt.dll
0x00007ffe1f000000 - 0x00007ffe1f05b000 	C:\Windows\system32\sechost.dll
0x00007ffe1d3f0000 - 0x00007ffe1d516000 	C:\Windows\system32\RPCRT4.dll
0x00007ffe1d2a0000 - 0x00007ffe1d3ee000 	C:\Windows\system32\USER32.dll
0x00007ffe1d650000 - 0x00007ffe1d7d6000 	C:\Windows\system32\GDI32.dll
0x00007ffe0eba0000 - 0x00007ffe0ee14000 	C:\Windows\WinSxS\amd64_microsoft.windows.common-controls_6595b64144ccf1df_6.0.10240.16384_none_f41f7b285750ef43\COMCTL32.dll
0x00007ffe1f310000 - 0x00007ffe1f346000 	C:\Windows\system32\IMM32.DLL
0x00007ffe1d140000 - 0x00007ffe1d29c000 	C:\Windows\system32\MSCTF.dll
0x0000000065aa0000 - 0x0000000065b72000 	C:\Program Files\Android\Android Studio\jre\jre\bin\msvcr100.dll
0x0000000065b80000 - 0x00000000663c1000 	C:\Program Files\Android\Android Studio\jre\jre\bin\server\jvm.dll
0x00007ffe1d7e0000 - 0x00007ffe1d7e8000 	C:\Windows\system32\PSAPI.DLL
0x00007ffe1a5b0000 - 0x00007ffe1a5b9000 	C:\Windows\SYSTEM32\WSOCK32.dll
0x00007ffe1f2a0000 - 0x00007ffe1f309000 	C:\Windows\system32\WS2_32.dll
0x00007ffe1f6b0000 - 0x00007ffe1f6b8000 	C:\Windows\system32\NSI.dll
0x00007ffe1a9c0000 - 0x00007ffe1a9e3000 	C:\Windows\SYSTEM32\WINMM.dll
0x00007ffe130a0000 - 0x00007ffe130aa000 	C:\Windows\SYSTEM32\VERSION.dll
0x00007ffe1a5d0000 - 0x00007ffe1a5fc000 	C:\Windows\SYSTEM32\WINMMBASE.dll
0x00007ffe1cce0000 - 0x00007ffe1cd24000 	C:\Windows\system32\cfgmgr32.dll
0x00007ffe1ad70000 - 0x00007ffe1ad97000 	C:\Windows\SYSTEM32\DEVOBJ.dll
0x00007ffe1a5a0000 - 0x00007ffe1a5af000 	C:\Program Files\Android\Android Studio\jre\jre\bin\verify.dll
0x00007ffe12d30000 - 0x00007ffe12d59000 	C:\Program Files\Android\Android Studio\jre\jre\bin\java.dll
0x00007ffe12d10000 - 0x00007ffe12d26000 	C:\Program Files\Android\Android Studio\jre\jre\bin\zip.dll

VM Arguments:
jvm_args: -Djava.awt.headless=true -Xmx64M -Dfile.encoding=windows-1252 -Duser.country=US -Duser.language=en -Duser.variant 
java_command: com.google.devtools.build.android.desugar.Desugar --input D:\Vishal\sellah-android\app\build\intermediates\transforms\stackFramesFixer\debug\67.jar --output D:\Vishal\sellah-android\app\build\intermediates\transforms\desugar\debug\69.jar --input D:\Vishal\sellah-android\app\build\intermediates\transforms\stackFramesFixer\debug\37.jar --output D:\Vishal\sellah-android\app\build\intermediates\transforms\desugar\debug\39.jar --input D:\Vishal\sellah-android\app\build\intermediates\transforms\stackFramesFixer\debug\6.jar --output D:\Vishal\sellah-android\app\build\intermediates\transforms\desugar\debug\8.jar --input D:\Vishal\sellah-android\app\build\intermediates\transforms\stackFramesFixer\debug\11.jar --output D:\Vishal\sellah-android\app\build\intermediates\transforms\desugar\debug\13.jar --input D:\Vishal\sellah-android\app\build\intermediates\transforms\stackFramesFixer\debug\83.jar --output D:\Vishal\sellah-android\app\build\intermediates\transforms\desugar\debug\85.jar --input D:\Vishal\sellah-android\app\build\intermediates\transforms\stackFramesFixer\debug\80.jar --output D:\Vishal\sellah-android\app\build\intermediates\transforms\desugar\debug\82.jar --input D:\Vishal\sellah-android\app\build\intermediates\transforms\stackFramesFixer\debug\79.jar --output D:\Vishal\sellah-android\app\build\intermediates\transforms\desugar\debug\81.jar --input D:\Vishal\sellah-android\app\build\intermediates\transforms\stackFramesFixer\debug\31.jar --output D:\Vishal\sellah-android\app\build\intermediates\transforms\desugar\debug\33.jar --input D:\Vishal\sellah-android\app\build\intermediates\transforms\stackFramesFixer\debug\36.jar --output D:\Vishal\sellah-android\app\build\intermediates\transforms\desugar\debug\38.jar --input D:\Vishal\sellah-android\app\build\intermediates\transforms\stackFramesFixer\debug\53.jar --output D:\Vishal\sellah-android\app\build\intermediates\transforms\desugar\debug\55.jar --input D:\Vishal\sellah-android\app\build\intermediates
java_class_path (initial): C:\Users\THINK3~1\AppData\Local\Temp\desugar_deploy.jar1645273013169817723
Launcher Type: SUN_STANDARD

Environment Variables:
PATH=C:\Windows\system32;C:\Windows;C:\Windows\System32\Wbem;C:\Windows\System32\WindowsPowerShell\v1.0\;C:\Program Files\nodejs\;C:\Program Files\Git\cmd;C:\Users\think360user\AppData\Roaming\npm
USERNAME=think360user
OS=Windows_NT
PROCESSOR_IDENTIFIER=Intel64 Family 6 Model 158 Stepping 9, GenuineIntel



---------------  S Y S T E M  ---------------

OS: Windows 10.0 , 64 bit Build 10240 (10.0.10240.16384)

CPU:total 4 (initial active 4) (2 cores per cpu, 2 threads per core) family 6 model 158 stepping 9, cmov, cx8, fxsr, mmx, sse, sse2, sse3, ssse3, sse4.1, sse4.2, popcnt, avx, avx2, aes, clmul, erms, 3dnowpref, lzcnt, ht, tsc, tscinvbit, bmi1, bmi2, adx

Memory: 4k page, physical 8251136k(1035188k free), swap 8251136k(5252k free)

vm_info: OpenJDK 64-Bit Server VM (25.152-b01) for windows-amd64 JRE (1.8.0_152-release-1343-b01), built by "builder" with MS VC++ 10.0 (VS2010)

time: Mon Jul 15 15:59:04 2019
elapsed time: 0 seconds (0d 0h 0m 0s)

